Mon Aug 04 2014 16:10:35 GMT-0700 (Pacific Daylight Time):
{ [Error: Resource group 'onesdktest777' could not be found.]
  stack: [Getter/Setter],
  code: 'ResourceGroupNotFound',
  statusCode: 404,
  requestId: 'b926b52e-9696-42f8-a807-25cf5645b8b2',
  __frame: 
   { name: '__4',
     line: 138,
     file: 'C:\\Program Files (x86)\\Microsoft SDKs\\Windows Azure\\CLI\\lib\\commands\\arm\\group\\group.js',
     prev: undefined,
     active: false,
     offset: 9,
     col: 8 },
  rawStack: [Getter] }
Error: Resource group 'onesdktest777' could not be found.
    at Function.ServiceClient._normalizeError (C:\Program Files (x86)\Microsoft SDKs\Windows Azure\CLI\node_modules\azure-common\lib\services\serviceclient.js:785:23)
    at C:\Program Files (x86)\Microsoft SDKs\Windows Azure\CLI\node_modules\azure-common\lib\services\filters\errorhandlingfilter.js:44:29
    at Request._callback (C:\Program Files (x86)\Microsoft SDKs\Windows Azure\CLI\node_modules\azure-common\lib\http\request-pipeline.js:109:14)
    at Request.self.callback (C:\Program Files (x86)\Microsoft SDKs\Windows Azure\CLI\node_modules\request\request.js:129:22)
    at Request.EventEmitter.emit (events.js:98:17)
    at Request.<anonymous> (C:\Program Files (x86)\Microsoft SDKs\Windows Azure\CLI\node_modules\request\request.js:873:14)
    at Request.EventEmitter.emit (events.js:117:20)
    at IncomingMessage.<anonymous> (C:\Program Files (x86)\Microsoft SDKs\Windows Azure\CLI\node_modules\request\request.js:824:12)
    at IncomingMessage.EventEmitter.emit (events.js:117:20)
    at _stream_readable.js:920:16
    at __4 (C:\Program Files (x86)\Microsoft SDKs\Windows Azure\CLI\lib\commands\arm\group\group.js:147:8)

